#
# A fatal error has been detected by the Java Runtime Environment:
#
#  SIGSEGV (0xb) at pc=0x00007fb962a76438, pid=6113, tid=140434012583680
#
# JRE version: 6.0_22-b22
# Java VM: OpenJDK 64-Bit Server VM (20.0-b11 mixed mode linux-amd64 compressed oops)
# Derivative: IcedTea6 1.10.4
# Distribution: Ubuntu 11.04, package 6b22-1.10.4-0ubuntu1~11.04.2
# Problematic frame:
# V  [libjvm.so+0x5ec438]  PhaseIdealLoop::build_loop_late_post(Node*)+0x158
#
# If you would like to submit a bug report, please include
# instructions how to reproduce the bug and visit:
#   https://bugs.launchpad.net/ubuntu/+source/openjdk-6/
#

---------------  T H R E A D  ---------------

Current thread (0x00007fb9580b7800):  JavaThread "C2 CompilerThread1" daemon [_thread_in_native, id=6126, stack(0x00007fb9575f3000,0x00007fb9576f4000)]

siginfo:si_signo=SIGSEGV: si_errno=0, si_code=1 (SEGV_MAPERR), si_addr=0x0000000000000008

Registers:
RAX=0x0000000000000000, RBX=0x00007fb9576f0a90, RCX=0x00000000012a3530, RDX=0x0000000000002000
RSP=0x00007fb9576ef2b0, RBP=0x00007fb9576ef2f0, RSI=0x00007fb9592e3180, RDI=0x0000000000000000
R8 =0x00007fb95ad6a270, R9 =0x00007fb9576f0a90, R10=0x00007fb9592e3180, R11=0x0000000000000000
R12=0x00007fb95b009db0, R13=0x00007fb958b584c8, R14=0x00007fb9576f0ab0, R15=0x00007fb95844c7a0
RIP=0x00007fb962a76438, EFLAGS=0x0000000000010206, CSGSFS=0x0000000000000033, ERR=0x0000000000000004
  TRAPNO=0x000000000000000e

Top of Stack: (sp=0x00007fb9576ef2b0)
0x00007fb9576ef2b0:   00007fb95ad1ee48 00007fb9576ef580
0x00007fb9576ef2c0:   00007fb9576ef2f0 00007fb9576f0a90
0x00007fb9576ef2d0:   0000000000000002 00007fb95b009db0
0x00007fb9576ef2e0:   0000000000934428 00007fb9576ef580
0x00007fb9576ef2f0:   00007fb9576ef360 00007fb962a76a1b
0x00007fb9576ef300:   0000000000000001 00007fb900000100
0x00007fb9576ef310:   00007fb900000001 00007fb9576f1430
0x00007fb9576ef320:   00007fb9576ef560 00007fb9576ef5c0
0x00007fb9576ef330:   00000000000016e5 00007fb9576f0a90
0x00007fb9576ef340:   0000000000000001 0000000000000007
0x00007fb9576ef350:   0000000000000001 00000000019c5c10
0x00007fb9576ef360:   00007fb9576ef610 00007fb962a77357
0x00007fb9576ef370:   00000000c37047f8 00007fb962c1f086
0x00007fb9576ef380:   00007fb9576ef3d0 00000000019c5ba0
0x00007fb9576ef390:   00007fb9576ef3e0 00007fb9576f0ab0
0x00007fb9576ef3a0:   00007fb9576ef3d0 00007fb95af22ed0
0x00007fb9576ef3b0:   00007fb96306d8a0 00000000c37047f8
0x00007fb9576ef3c0:   00007fb9576ef410 00007fb962af3c77
0x00007fb9576ef3d0:   00007fb9576ef3f0 00007fb962af31d7
0x00007fb9576ef3e0:   00007fb9576ef410 0000000000000000
0x00007fb9576ef3f0:   00007fb9576ef410 0000000000003c00
0x00007fb9576ef400:   00007fb900001002 00007fb9576ef440
0x00007fb9576ef410:   00007fb9576ef430 00007fb962914625
0x00007fb9576ef420:   00007fb95849c780 0000000001915960
0x00007fb9576ef430:   00000000009b0e40 00000000576f0080
0x00007fb9576ef440:   00007fb9576ef4a0 000000000092e620
0x00007fb9576ef450:   0000000001915a10 00007fb958000020
0x00007fb9576ef460:   00007fb9576ef4f0 0000000000010010
0x00007fb9576ef470:   0000000000fe4230 0000000000010000
0x00007fb9576ef480:   0000000000fe5848 00007fb96311f31e
0x00007fb9576ef490:   00000000009678b0 00007fb9576f0080
0x00007fb9576ef4a0:   00007fb9576ef580 00007fb9627b3741 

Instructions: (pc=0x00007fb962a76438)
0x00007fb962a76418:   84 d8 03 00 00 8b 70 28 49 89 c7 0f 1f 44 00 00
0x00007fb962a76428:   4c 8b 93 e0 09 00 00 89 f6 49 8d 34 f2 48 8b 06
0x00007fb962a76438:   48 8b 50 08 48 83 3a 00 75 27 8b 4b 28 0f 1f 00
0x00007fb962a76448:   8b 50 28 31 c0 39 ca 73 0e 48 8b 43 30 89 d2 48 

Register to memory mapping:

RAX=0x0000000000000000 is an unknown value
RBX=0x00007fb9576f0a90 is pointing into the stack for thread: 0x00007fb9580b7800
RCX=0x00000000012a3530 is an unknown value
RDX=0x0000000000002000 is an unknown value
RSP=0x00007fb9576ef2b0 is pointing into the stack for thread: 0x00007fb9580b7800
RBP=0x00007fb9576ef2f0 is pointing into the stack for thread: 0x00007fb9580b7800
RSI=0x00007fb9592e3180 is an unknown value
RDI=0x0000000000000000 is an unknown value
R8 =0x00007fb95ad6a270 is an unknown value
R9 =0x00007fb9576f0a90 is pointing into the stack for thread: 0x00007fb9580b7800
R10=0x00007fb9592e3180 is an unknown value
R11=0x0000000000000000 is an unknown value
R12=0x00007fb95b009db0 is an unknown value
R13=0x00007fb958b584c8 is an unknown value
R14=0x00007fb9576f0ab0 is pointing into the stack for thread: 0x00007fb9580b7800
R15=0x00007fb95844c7a0 is an unknown value


Stack: [0x00007fb9575f3000,0x00007fb9576f4000],  sp=0x00007fb9576ef2b0,  free space=1008k
Native frames: (J=compiled Java code, j=interpreted, Vv=VM code, C=native code)
V  [libjvm.so+0x5ec438]  PhaseIdealLoop::build_loop_late_post(Node*)+0x158
V  [libjvm.so+0x5eca1b]  PhaseIdealLoop::build_loop_late(VectorSet&, Node_List&, Node_Stack&)+0x10b
V  [libjvm.so+0x5ed357]  PhaseIdealLoop::build_and_optimize(bool, bool)+0x757
V  [libjvm.so+0x3929b5]  Compile::Optimize()+0xdc5
V  [libjvm.so+0x393649]  Compile::Compile(ciEnv*, C2Compiler*, ciMethod*, int, bool, bool)+0xae9
V  [libjvm.so+0x319a20]  C2Compiler::compile_method(ciEnv*, ciMethod*, int)+0xe0
V  [libjvm.so+0x397f44]  CompileBroker::invoke_compiler_on_method(CompileTask*)+0x294
V  [libjvm.so+0x398791]  CompileBroker::compiler_thread_loop()+0x381
V  [libjvm.so+0x793688]  JavaThread::thread_main_inner()+0x58
V  [libjvm.so+0x686c72]  java_start(Thread*)+0x112


Current CompileTask:
C2: 296643 1877      jregex.Pretokenizer.next()V (1064 bytes)


---------------  P R O C E S S  ---------------

Java Threads: ( => current thread )
  0x0000000001b6c800 JavaThread "net.sf.ehcache.CacheManager@694a88d3" daemon [_thread_blocked, id=6254, stack(0x00007fb956aaf000,0x00007fb956bb0000)]
  0x00007fb95833d000 JavaThread "New I/O server worker #1-8" [_thread_in_native, id=6253, stack(0x00007fb956cb1000,0x00007fb956db2000)]
  0x0000000000da0800 JavaThread "pool-5-thread-1" [_thread_blocked, id=6139, stack(0x00007fb9562a2000,0x00007fb9563a3000)]
  0x00000000017fb000 JavaThread "com.mchange.v2.async.ThreadPoolAsynchronousRunner$PoolThread-#2" daemon [_thread_blocked, id=6136, stack(0x00007fb9564a4000,0x00007fb9565a5000)]
  0x0000000001a67000 JavaThread "com.mchange.v2.async.ThreadPoolAsynchronousRunner$PoolThread-#1" daemon [_thread_blocked, id=6135, stack(0x00007fb9565a5000,0x00007fb9566a6000)]
  0x0000000000f10800 JavaThread "com.mchange.v2.async.ThreadPoolAsynchronousRunner$PoolThread-#0" daemon [_thread_blocked, id=6134, stack(0x00007fb9566a6000,0x00007fb9567a7000)]
  0x0000000001e95800 JavaThread "Timer-0" daemon [_thread_blocked, id=6133, stack(0x00007fb9567a7000,0x00007fb9568a8000)]
  0x0000000000cce000 JavaThread "play-thread-1" [_thread_in_Java, id=6131, stack(0x00007fb956bb0000,0x00007fb956cb1000)]
  0x00007fb95852a000 JavaThread "DestroyJavaVM" [_thread_blocked, id=6114, stack(0x00007fb963d6b000,0x00007fb963e6c000)]
  0x00007fb95826b800 JavaThread "New I/O server boss #1 ([id: 0x18c4bc34, /0:0:0:0:0:0:0:0:9000])" [_thread_in_native, id=6129, stack(0x00007fb956db2000,0x00007fb956eb3000)]
  0x00007fb9580ba000 JavaThread "Low Memory Detector" daemon [_thread_blocked, id=6127, stack(0x00007fb9574f2000,0x00007fb9575f3000)]
=>0x00007fb9580b7800 JavaThread "C2 CompilerThread1" daemon [_thread_in_native, id=6126, stack(0x00007fb9575f3000,0x00007fb9576f4000)]
  0x00007fb9580b4800 JavaThread "C2 CompilerThread0" daemon [_thread_blocked, id=6125, stack(0x00007fb9576f4000,0x00007fb9577f5000)]
  0x00007fb9580b2000 JavaThread "JDWP Event Helper Thread" daemon [_thread_blocked, id=6124, stack(0x00007fb9577f5000,0x00007fb9578f6000)]
  0x00007fb9580ae800 JavaThread "JDWP Transport Listener: dt_socket" daemon [_thread_in_native, id=6123, stack(0x00007fb9578f6000,0x00007fb9579f7000)]
  0x00007fb95807c800 JavaThread "Signal Dispatcher" daemon [_thread_blocked, id=6122, stack(0x00007fb957bfc000,0x00007fb957cfd000)]
  0x00007fb95805e800 JavaThread "Finalizer" daemon [_thread_blocked, id=6121, stack(0x00007fb957cfd000,0x00007fb957dfe000)]
  0x00007fb95805c800 JavaThread "Reference Handler" daemon [_thread_blocked, id=6120, stack(0x00007fb957dfe000,0x00007fb957eff000)]

Other Threads:
  0x00007fb958056000 VMThread [stack: 0x00007fb957eff000,0x00007fb958000000] [id=6119]
  0x00007fb9580c5000 WatcherThread [stack: 0x00007fb9573f1000,0x00007fb9574f2000] [id=6128]

VM state:not at safepoint (normal execution)

VM Mutex/Monitor currently owned by a thread: None

Heap
 PSYoungGen      total 49216K, used 13108K [0x00000000ebb60000, 0x00000000eef70000, 0x0000000100000000)
  eden space 47360K, 23% used [0x00000000ebb60000,0x00000000ec661578,0x00000000ee9a0000)
  from space 1856K, 99% used [0x00000000eeda0000,0x00000000eef6bba0,0x00000000eef70000)
  to   space 2304K, 0% used [0x00000000eeaf0000,0x00000000eeaf0000,0x00000000eed30000)
 PSOldGen        total 41536K, used 28289K [0x00000000c3200000, 0x00000000c5a90000, 0x00000000ebb60000)
  object space 41536K, 68% used [0x00000000c3200000,0x00000000c4da0450,0x00000000c5a90000)
 PSPermGen       total 49472K, used 49334K [0x00000000b8c00000, 0x00000000bbc50000, 0x00000000c3200000)
  object space 49472K, 99% used [0x00000000b8c00000,0x00000000bbc2dab0,0x00000000bbc50000)

Code Cache  [0x00007fb95cf8a000, 0x00007fb95d87a000, 0x00007fb95ff8a000)
 total_blobs=2466 nmethods=1814 adapters=613 free_code_cache=41154432 largest_free_block=33856

Dynamic libraries:
00400000-00409000 r-xp 00000000 08:03 3622756                            /usr/lib/jvm/java-6-openjdk/jre/bin/java
00608000-00609000 r--p 00008000 08:03 3622756                            /usr/lib/jvm/java-6-openjdk/jre/bin/java
00609000-0060a000 rw-p 00009000 08:03 3622756                            /usr/lib/jvm/java-6-openjdk/jre/bin/java
008bd000-037c8000 rw-p 00000000 00:00 0                                  [heap]
b8c00000-bbc50000 rw-p 00000000 00:00 0 
bbc50000-c3200000 rw-p 00000000 00:00 0 
c3200000-c5a90000 rw-p 00000000 00:00 0 
c5a90000-ebb60000 rw-p 00000000 00:00 0 
ebb60000-eef70000 rw-p 00000000 00:00 0 
eef70000-f2720000 ---p 00000000 00:00 0 
f2720000-100000000 rw-p 00000000 00:00 0 
7fb9562a2000-7fb9562a5000 ---p 00000000 00:00 0 
7fb9562a5000-7fb9563a3000 rw-p 00000000 00:00 0 
7fb9563a3000-7fb9563a6000 ---p 00000000 00:00 0 
7fb9563a6000-7fb9564a4000 rw-p 00000000 00:00 0 
7fb9564a4000-7fb9564a7000 ---p 00000000 00:00 0 
7fb9564a7000-7fb9565a5000 rw-p 00000000 00:00 0 
7fb9565a5000-7fb9565a8000 ---p 00000000 00:00 0 
7fb9565a8000-7fb9566a6000 rw-p 00000000 00:00 0 
7fb9566a6000-7fb9566a9000 ---p 00000000 00:00 0 
7fb9566a9000-7fb9567a7000 rw-p 00000000 00:00 0 
7fb9567a7000-7fb9567aa000 ---p 00000000 00:00 0 
7fb9567aa000-7fb9568a8000 rw-p 00000000 00:00 0 
7fb9568a8000-7fb9568ae000 r-xp 00000000 08:03 3622796                    /usr/lib/jvm/java-6-openjdk/jre/lib/amd64/libmanagement.so
7fb9568ae000-7fb956aad000 ---p 00006000 08:03 3622796                    /usr/lib/jvm/java-6-openjdk/jre/lib/amd64/libmanagement.so
7fb956aad000-7fb956aae000 r--p 00005000 08:03 3622796                    /usr/lib/jvm/java-6-openjdk/jre/lib/amd64/libmanagement.so
7fb956aae000-7fb956aaf000 rw-p 00006000 08:03 3622796                    /usr/lib/jvm/java-6-openjdk/jre/lib/amd64/libmanagement.so
7fb956aaf000-7fb956ab2000 ---p 00000000 00:00 0 
7fb956ab2000-7fb956bb0000 rw-p 00000000 00:00 0 
7fb956bb0000-7fb956bb3000 ---p 00000000 00:00 0 
7fb956bb3000-7fb956cb1000 rw-p 00000000 00:00 0 
7fb956cb1000-7fb956cb4000 ---p 00000000 00:00 0 
7fb956cb4000-7fb956db2000 rw-p 00000000 00:00 0 
7fb956db2000-7fb956db5000 ---p 00000000 00:00 0 
7fb956db5000-7fb956eb3000 rw-p 00000000 00:00 0 
7fb956eb3000-7fb956ebb000 r-xp 00000000 08:03 3622765                    /usr/lib/jvm/java-6-openjdk/jre/lib/amd64/libnio.so
7fb956ebb000-7fb9570ba000 ---p 00008000 08:03 3622765                    /usr/lib/jvm/java-6-openjdk/jre/lib/amd64/libnio.so
7fb9570ba000-7fb9570bb000 r--p 00007000 08:03 3622765                    /usr/lib/jvm/java-6-openjdk/jre/lib/amd64/libnio.so
7fb9570bb000-7fb9570bc000 rw-p 00008000 08:03 3622765                    /usr/lib/jvm/java-6-openjdk/jre/lib/amd64/libnio.so
7fb9570bc000-7fb9570d1000 r-xp 00000000 08:03 3622775                    /usr/lib/jvm/java-6-openjdk/jre/lib/amd64/libnet.so
7fb9570d1000-7fb9572d0000 ---p 00015000 08:03 3622775                    /usr/lib/jvm/java-6-openjdk/jre/lib/amd64/libnet.so
7fb9572d0000-7fb9572d1000 r--p 00014000 08:03 3622775                    /usr/lib/jvm/java-6-openjdk/jre/lib/amd64/libnet.so
7fb9572d1000-7fb9572d2000 rw-p 00015000 08:03 3622775                    /usr/lib/jvm/java-6-openjdk/jre/lib/amd64/libnet.so
7fb9572d2000-7fb9572d8000 r--s 00032000 00:14 3998547                    /home/catilgan/dev/play-1.2.4/framework/lib/jaxen-1.1.jar
7fb9572d8000-7fb9572db000 r--s 00024000 00:14 3998524                    /home/catilgan/dev/play-1.2.4/framework/lib/commons-io-2.0.1.jar
7fb9572db000-7fb9572dc000 r--s 00007000 00:14 3998522                    /home/catilgan/dev/play-1.2.4/framework/lib/commons-email-1.2.jar
7fb9572dc000-7fb9572de000 r--s 00002000 00:14 3998555                    /home/catilgan/dev/play-1.2.4/framework/lib/jta-1.1.jar
7fb9572de000-7fb9572e4000 r--s 00034000 00:14 3998556                    /home/catilgan/dev/play-1.2.4/framework/lib/junit-4.8.1.jar
7fb9572e4000-7fb9572e6000 r--s 0000e000 00:14 3998525                    /home/catilgan/dev/play-1.2.4/framework/lib/commons-javaflow-1066591.jar
7fb9572e6000-7fb95733a000 r--s 00520000 00:14 3998532                    /home/catilgan/dev/play-1.2.4/framework/lib/groovy-all-1.7.10.jar
7fb95733a000-7fb95735f000 r--s 00172000 00:14 3998516                    /home/catilgan/dev/play-1.2.4/framework/lib/bcprov-jdk15-1.45.jar
7fb95735f000-7fb957361000 r--s 0000d000 00:14 3998527                    /home/catilgan/dev/play-1.2.4/framework/lib/commons-logging-1.1.1.jar
7fb957361000-7fb95736c000 r--s 0005a000 00:14 3998570                    /home/catilgan/dev/play-1.2.4/framework/lib/xstream-1.3.jar
7fb95736c000-7fb957373000 r--s 000b7000 00:14 3998561                    /home/catilgan/dev/play-1.2.4/framework/lib/mysql-connector-java-5.1.13.jar
7fb957373000-7fb957383000 r--s 000b2000 00:14 3998562                    /home/catilgan/dev/play-1.2.4/framework/lib/netty-3.2.5.Final.jar
7fb957383000-7fb95738d000 r--s 0006f000 00:14 3998529                    /home/catilgan/dev/play-1.2.4/framework/lib/ehcache-core-2.0.0.jar
7fb95738d000-7fb957390000 r--s 0000f000 00:14 3998531                    /home/catilgan/dev/play-1.2.4/framework/lib/geronimo-servlet_2.5_spec-1.2.jar
7fb957390000-7fb957391000 r--s 00002000 00:14 3998568                    /home/catilgan/dev/play-1.2.4/framework/lib/slf4j-log4j12-1.6.1.jar
7fb957391000-7fb957394000 r--s 00011000 00:14 3998530                    /home/catilgan/dev/play-1.2.4/framework/lib/ezmorph-1.0.3.jar
7fb957394000-7fb95739b000 r--s 00038000 00:14 3998551                    /home/catilgan/dev/play-1.2.4/framework/lib/jj-wikitext.jar
7fb95739b000-7fb9573a0000 r--s 00041000 00:14 3998526                    /home/catilgan/dev/play-1.2.4/framework/lib/commons-lang-2.6.jar
7fb9573a0000-7fb9573ae000 r--s 0007f000 00:14 3998521                    /home/catilgan/dev/play-1.2.4/framework/lib/commons-collections-3.2.1.jar
7fb9573ae000-7fb9573b2000 r--s 00027000 00:14 3998533                    /home/catilgan/dev/play-1.2.4/framework/lib/gson-1.7.1.jar
7fb9573b2000-7fb9573b8000 r--s 0007e000 00:14 3998565                    /home/catilgan/dev/play-1.2.4/framework/lib/postgresql-9.0.jar
7fb9573b8000-7fb9573ba000 r--s 00001000 00:14 3998554                    /home/catilgan/dev/play-1.2.4/framework/lib/jsr107cache-1.0.jar
7fb9573ba000-7fb9573c0000 r--s 00040000 00:14 3998560                    /home/catilgan/dev/play-1.2.4/framework/lib/memcached-2.6.jar
7fb9573c0000-7fb9573c7000 r--s 0006a000 00:14 3998559                    /home/catilgan/dev/play-1.2.4/framework/lib/mail-1.4.3.jar
7fb9573c7000-7fb9573f1000 r--s 00427000 00:14 3998563                    /home/catilgan/dev/play-1.2.4/framework/lib/org.eclipse.jdt.core-3.8.0.v_C03.jar
7fb9573f1000-7fb9573f2000 ---p 00000000 00:00 0 
7fb9573f2000-7fb9574f2000 rw-p 00000000 00:00 0 
7fb9574f2000-7fb9574f5000 ---p 00000000 00:00 0 
7fb9574f5000-7fb9575f3000 rw-p 00000000 00:00 0 
7fb9575f3000-7fb9575f6000 ---p 00000000 00:00 0 
7fb9575f6000-7fb9576f4000 rw-p 00000000 00:00 0 
7fb9576f4000-7fb9576f7000 ---p 00000000 00:00 0 
7fb9576f7000-7fb9577f5000 rw-p 00000000 00:00 0 
7fb9577f5000-7fb9577f8000 ---p 00000000 00:00 0 
7fb9577f8000-7fb9578f6000 rw-p 00000000 00:00 0 
7fb9578f6000-7fb9578f9000 ---p 00000000 00:00 0 
7fb9578f9000-7fb9579f7000 rw-p 00000000 00:00 0 
7fb9579f7000-7fb9579fb000 r-xp 00000000 08:03 3622764                    /usr/lib/jvm/java-6-openjdk/jre/lib/amd64/libdt_socket.so
7fb9579fb000-7fb957bfa000 ---p 00004000 08:03 3622764                    /usr/lib/jvm/java-6-openjdk/jre/lib/amd64/libdt_socket.so
7fb957bfa000-7fb957bfb000 r--p 00003000 08:03 3622764                    /usr/lib/jvm/java-6-openjdk/jre/lib/amd64/libdt_socket.so
7fb957bfb000-7fb957bfc000 rw-p 00004000 08:03 3622764                    /usr/lib/jvm/java-6-openjdk/jre/lib/amd64/libdt_socket.so
7fb957bfc000-7fb957bff000 ---p 00000000 00:00 0 
7fb957bff000-7fb957cfd000 rw-p 00000000 00:00 0 
7fb957cfd000-7fb957d00000 ---p 00000000 00:00 0 
7fb957d00000-7fb957dfe000 rw-p 00000000 00:00 0 
7fb957dfe000-7fb957e01000 ---p 00000000 00:00 0 
7fb957e01000-7fb957eff000 rw-p 00000000 00:00 0 
7fb957eff000-7fb957f00000 ---p 00000000 00:00 0 
7fb957f00000-7fb958000000 rw-p 00000000 00:00 0 
7fb958000000-7fb95bf45000 rw-p 00000000 00:00 0 
7fb95bf45000-7fb95c000000 ---p 00000000 00:00 0 
7fb95c001000-7fb95c008000 r--s 0004d000 00:14 3998515                    /home/catilgan/dev/play-1.2.4/framework/lib/async-http-client-1.6.5.jar
7fb95c008000-7fb95c017000 r--s 000d9000 00:14 3998543                    /home/catilgan/dev/play-1.2.4/framework/lib/ivy-2.2.0.jar
7fb95c017000-7fb95c049000 r--s 002c7000 00:14 3998538                    /home/catilgan/dev/play-1.2.4/framework/lib/hibernate-core-3.6.1.Final.jar
7fb95c049000-7fb95c04e000 r--s 00020000 00:14 3998548                    /home/catilgan/dev/play-1.2.4/framework/lib/jj-imaging.jar
7fb95c04e000-7fb95c054000 r--s 00038000 00:14 3998569                    /home/catilgan/dev/play-1.2.4/framework/lib/snakeyaml-1.7.jar
7fb95c054000-7fb95c056000 r--s 0000b000 00:14 3998550                    /home/catilgan/dev/play-1.2.4/framework/lib/jj-textile.jar
7fb95c056000-7fb95c061000 r--s 00124000 00:14 3998534                    /home/catilgan/dev/play-1.2.4/framework/lib/h2-1.3.149.jar
7fb95c061000-7fb95c063000 r--s 0000c000 00:14 3998512                    /home/catilgan/dev/play-1.2.4/framework/lib/activation-1.1.1.jar
7fb95c063000-7fb95c068000 r--s 00048000 00:14 3998528                    /home/catilgan/dev/play-1.2.4/framework/lib/dom4j-1.6.1.jar
7fb95c068000-7fb95c06f000 r--s 00049000 00:14 3998564                    /home/catilgan/dev/play-1.2.4/framework/lib/oval-1.50.jar
7fb95c06f000-7fb95c075000 r--s 00049000 00:14 3998518                    /home/catilgan/dev/play-1.2.4/framework/lib/cglib-nodep-2.2.jar
7fb95c075000-7fb95c077000 r--s 00008000 00:14 3998566                    /home/catilgan/dev/play-1.2.4/framework/lib/signpost-core-1.2.jar
7fb95c077000-7fb95c07d000 r--s 00067000 00:14 3998513                    /home/catilgan/dev/play-1.2.4/framework/lib/antlr-2.7.6.jar
7fb95c07d000-7fb95c07f000 r--s 0000d000 00:14 3998523                    /home/catilgan/dev/play-1.2.4/framework/lib/commons-fileupload-1.2.2.jar
7fb95c07f000-7fb95c081000 r--s 0000d000 00:14 3998520                    /home/catilgan/dev/play-1.2.4/framework/lib/commons-codec-1.4.jar
7fb95c081000-7fb95c08a000 r--s 0006d000 00:14 3998558                    /home/catilgan/dev/play-1.2.4/framework/lib/log4j-1.2.16.jar
7fb95c08a000-7fb95c092000 r--s 0008a000 00:14 3998545                    /home/catilgan/dev/play-1.2.4/framework/lib/javassist-3.9.0.GA.jar
7fb95c092000-7fb95c095000 r--s 0000f000 00:14 3998536                    /home/catilgan/dev/play-1.2.4/framework/lib/hibernate-commons-annotations-3.2.0.Final.jar
7fb95c095000-7fb95c0a0000 r--s 0008b000 00:14 3998517                    /home/catilgan/dev/play-1.2.4/framework/lib/c3p0-0.9.1.2.jar
7fb95c0a0000-7fb95c0a1000 r--s 00000000 00:14 3998546                    /home/catilgan/dev/play-1.2.4/framework/lib/javax.inject-1.0.jar
7fb95c0a1000-7fb95c0a6000 r--s 00034000 00:14 3998519                    /home/catilgan/dev/play-1.2.4/framework/lib/commons-beanutils-1.8.3.jar
7fb95c0a6000-7fb95c0a9000 r--s 00022000 00:14 3998544                    /home/catilgan/dev/play-1.2.4/framework/lib/jamon-2.7.jar
7fb95c0a9000-7fb95c0b2000 r--s 0005d000 00:14 3998540                    /home/catilgan/dev/play-1.2.4/framework/lib/hibernate-entitymanager-3.6.0.Final.jar
7fb95c0b2000-7fb95c0b7000 r--s 0002e000 00:14 3998514                    /home/catilgan/dev/play-1.2.4/framework/lib/asm-all-3.3.1.jar
7fb95c0b7000-7fb95c0bc000 r--s 00014000 00:14 3998542                    /home/catilgan/dev/play-1.2.4/framework/lib/hibernate-jpa-2.0-api-1.0.0.Final.jar
7fb95c0bc000-7fb95c0be000 r--s 00015000 00:14 3998553                    /home/catilgan/dev/play-1.2.4/framework/lib/jregex-1.2_01.jar
7fb95c0be000-7fb95c0c0000 r--s 00015000 00:14 3998549                    /home/catilgan/dev/play-1.2.4/framework/lib/jj-simplecaptcha.jar
7fb95c0c0000-7fb95c0c2000 r--s 00005000 00:14 3998567                    /home/catilgan/dev/play-1.2.4/framework/lib/slf4j-api-1.6.1.jar
7fb95c0c2000-7fb95c5fa000 rw-p 00000000 00:00 0 
7fb95c5fa000-7fb95c78b000 r--s 037b1000 08:03 3589510                    /usr/lib/jvm/java-6-openjdk/jre/lib/rt.jar
7fb95c78b000-7fb95c7b3000 rw-p 00000000 00:00 0 
7fb95c7b3000-7fb95c7b4000 ---p 00000000 00:00 0 
7fb95c7b4000-7fb95c8b4000 rw-p 00000000 00:00 0 
7fb95c8b4000-7fb95c8b5000 ---p 00000000 00:00 0 
7fb95c8b5000-7fb95c9b5000 rw-p 00000000 00:00 0 
7fb95c9b5000-7fb95c9b6000 ---p 00000000 00:00 0 
7fb95c9b6000-7fb95cab6000 rw-p 00000000 00:00 0 
7fb95cab6000-7fb95cab7000 ---p 00000000 00:00 0 
7fb95cab7000-7fb95cbd0000 rw-p 00000000 00:00 0 
7fb95cbd0000-7fb95cc0a000 rw-p 00000000 00:00 0 
7fb95cc0a000-7fb95cc1f000 rw-p 00000000 00:00 0 
7fb95cc1f000-7fb95cd4f000 rw-p 00000000 00:00 0 
7fb95cd4f000-7fb95cd68000 rw-p 00000000 00:00 0 
7fb95cd68000-7fb95cda2000 rw-p 00000000 00:00 0 
7fb95cda2000-7fb95cdb7000 rw-p 00000000 00:00 0 
7fb95cdb7000-7fb95cee6000 rw-p 00000000 00:00 0 
7fb95cee6000-7fb95cf01000 rw-p 00000000 00:00 0 
7fb95cf01000-7fb95cf1d000 ---p 00000000 00:00 0 
7fb95cf1d000-7fb95cf89000 rw-p 00000000 00:00 0 
7fb95cf89000-7fb95cf8a000 rw-p 00000000 00:00 0 
7fb95cf8a000-7fb95d87a000 rwxp 00000000 00:00 0 
7fb95d87a000-7fb95ff8a000 rw-p 00000000 00:00 0 
7fb95ff8a000-7fb95ff91000 r-xp 00000000 08:03 3622789                    /usr/lib/jvm/java-6-openjdk/jre/lib/amd64/libzip.so
7fb95ff91000-7fb960190000 ---p 00007000 08:03 3622789                    /usr/lib/jvm/java-6-openjdk/jre/lib/amd64/libzip.so
7fb960190000-7fb960191000 r--p 00006000 08:03 3622789                    /usr/lib/jvm/java-6-openjdk/jre/lib/amd64/libzip.so
7fb960191000-7fb960192000 rw-p 00007000 08:03 3622789                    /usr/lib/jvm/java-6-openjdk/jre/lib/amd64/libzip.so
7fb960192000-7fb96019e000 r-xp 00000000 08:03 2007980                    /lib/x86_64-linux-gnu/libnss_files-2.13.so
7fb96019e000-7fb96039d000 ---p 0000c000 08:03 2007980                    /lib/x86_64-linux-gnu/libnss_files-2.13.so
7fb96039d000-7fb96039e000 r--p 0000b000 08:03 2007980                    /lib/x86_64-linux-gnu/libnss_files-2.13.so
7fb96039e000-7fb96039f000 rw-p 0000c000 08:03 2007980                    /lib/x86_64-linux-gnu/libnss_files-2.13.so
7fb96039f000-7fb9603aa000 r-xp 00000000 08:03 2007984                    /lib/x86_64-linux-gnu/libnss_nis-2.13.so
7fb9603aa000-7fb9605a9000 ---p 0000b000 08:03 2007984                    /lib/x86_64-linux-gnu/libnss_nis-2.13.so
7fb9605a9000-7fb9605aa000 r--p 0000a000 08:03 2007984                    /lib/x86_64-linux-gnu/libnss_nis-2.13.so
7fb9605aa000-7fb9605ab000 rw-p 0000b000 08:03 2007984                    /lib/x86_64-linux-gnu/libnss_nis-2.13.so
7fb9605ab000-7fb9605b3000 r-xp 00000000 08:03 2007976                    /lib/x86_64-linux-gnu/libnss_compat-2.13.so
7fb9605b3000-7fb9607b2000 ---p 00008000 08:03 2007976                    /lib/x86_64-linux-gnu/libnss_compat-2.13.so
7fb9607b2000-7fb9607b3000 r--p 00007000 08:03 2007976                    /lib/x86_64-linux-gnu/libnss_compat-2.13.so
7fb9607b3000-7fb9607b4000 rw-p 00008000 08:03 2007976                    /lib/x86_64-linux-gnu/libnss_compat-2.13.so
7fb9607b4000-7fb960e3e000 r--p 00000000 08:03 860161                     /usr/lib/locale/locale-archive
7fb960e3e000-7fb960e41000 r-xp 00000000 08:03 3622781                    /usr/lib/jvm/java-6-openjdk/jre/lib/amd64/libnpt.so
7fb960e41000-7fb961040000 ---p 00003000 08:03 3622781                    /usr/lib/jvm/java-6-openjdk/jre/lib/amd64/libnpt.so
7fb961040000-7fb961041000 r--p 00002000 08:03 3622781                    /usr/lib/jvm/java-6-openjdk/jre/lib/amd64/libnpt.so
7fb961041000-7fb961042000 rw-p 00003000 08:03 3622781                    /usr/lib/jvm/java-6-openjdk/jre/lib/amd64/libnpt.so
7fb961042000-7fb96104c000 r-xp 00000000 08:03 3622784                    /usr/lib/jvm/java-6-openjdk/jre/lib/amd64/libinstrument.so
7fb96104c000-7fb96124b000 ---p 0000a000 08:03 3622784                    /usr/lib/jvm/java-6-openjdk/jre/lib/amd64/libinstrument.so
7fb96124b000-7fb96124c000 r--p 00009000 08:03 3622784                    /usr/lib/jvm/java-6-openjdk/jre/lib/amd64/libinstrument.so
7fb96124c000-7fb96124d000 rw-p 0000a000 08:03 3622784                    /usr/lib/jvm/java-6-openjdk/jre/lib/amd64/libinstrument.so
7fb96124d000-7fb961287000 r-xp 00000000 08:03 3622780                    /usr/lib/jvm/java-6-openjdk/jre/lib/amd64/libjdwp.so
7fb961287000-7fb961486000 ---p 0003a000 08:03 3622780                    /usr/lib/jvm/java-6-openjdk/jre/lib/amd64/libjdwp.so
7fb961486000-7fb961487000 r--p 00039000 08:03 3622780                    /usr/lib/jvm/java-6-openjdk/jre/lib/amd64/libjdwp.so
7fb961487000-7fb961488000 rw-p 0003a000 08:03 3622780                    /usr/lib/jvm/java-6-openjdk/jre/lib/amd64/libjdwp.so
7fb961488000-7fb96149f000 r-xp 00000000 08:03 2007974                    /lib/x86_64-linux-gnu/libnsl-2.13.so
7fb96149f000-7fb96169e000 ---p 00017000 08:03 2007974                    /lib/x86_64-linux-gnu/libnsl-2.13.so
7fb96169e000-7fb96169f000 r--p 00016000 08:03 2007974                    /lib/x86_64-linux-gnu/libnsl-2.13.so
7fb96169f000-7fb9616a0000 rw-p 00017000 08:03 2007974                    /lib/x86_64-linux-gnu/libnsl-2.13.so
7fb9616a0000-7fb9616a2000 rw-p 00000000 00:00 0 
7fb9616a2000-7fb9616ce000 r-xp 00000000 08:03 3622788                    /usr/lib/jvm/java-6-openjdk/jre/lib/amd64/libjava.so
7fb9616ce000-7fb9618cd000 ---p 0002c000 08:03 3622788                    /usr/lib/jvm/java-6-openjdk/jre/lib/amd64/libjava.so
7fb9618cd000-7fb9618ce000 r--p 0002b000 08:03 3622788                    /usr/lib/jvm/java-6-openjdk/jre/lib/amd64/libjava.so
7fb9618ce000-7fb9618d1000 rw-p 0002c000 08:03 3622788                    /usr/lib/jvm/java-6-openjdk/jre/lib/amd64/libjava.so
7fb9618d1000-7fb9618df000 r-xp 00000000 08:03 3622774                    /usr/lib/jvm/java-6-openjdk/jre/lib/amd64/libverify.so
7fb9618df000-7fb961ade000 ---p 0000e000 08:03 3622774                    /usr/lib/jvm/java-6-openjdk/jre/lib/amd64/libverify.so
7fb961ade000-7fb961ae0000 r--p 0000d000 08:03 3622774                    /usr/lib/jvm/java-6-openjdk/jre/lib/amd64/libverify.so
7fb961ae0000-7fb961ae1000 rw-p 0000f000 08:03 3622774                    /usr/lib/jvm/java-6-openjdk/jre/lib/amd64/libverify.so
7fb961ae1000-7fb961ae8000 r-xp 00000000 08:03 2008003                    /lib/x86_64-linux-gnu/librt-2.13.so
7fb961ae8000-7fb961ce7000 ---p 00007000 08:03 2008003                    /lib/x86_64-linux-gnu/librt-2.13.so
7fb961ce7000-7fb961ce8000 r--p 00006000 08:03 2008003                    /lib/x86_64-linux-gnu/librt-2.13.so
7fb961ce8000-7fb961ce9000 rw-p 00007000 08:03 2008003                    /lib/x86_64-linux-gnu/librt-2.13.so
7fb961ce9000-7fb961cfe000 r-xp 00000000 08:03 2007962                    /lib/x86_64-linux-gnu/libgcc_s.so.1
7fb961cfe000-7fb961efd000 ---p 00015000 08:03 2007962                    /lib/x86_64-linux-gnu/libgcc_s.so.1
7fb961efd000-7fb961efe000 r--p 00014000 08:03 2007962                    /lib/x86_64-linux-gnu/libgcc_s.so.1
7fb961efe000-7fb961eff000 rw-p 00015000 08:03 2007962                    /lib/x86_64-linux-gnu/libgcc_s.so.1
7fb961eff000-7fb961f83000 r-xp 00000000 08:03 2007971                    /lib/x86_64-linux-gnu/libm-2.13.so
7fb961f83000-7fb962182000 ---p 00084000 08:03 2007971                    /lib/x86_64-linux-gnu/libm-2.13.so
7fb962182000-7fb962183000 r--p 00083000 08:03 2007971                    /lib/x86_64-linux-gnu/libm-2.13.so
7fb962183000-7fb962184000 rw-p 00084000 08:03 2007971                    /lib/x86_64-linux-gnu/libm-2.13.so
7fb962184000-7fb96226c000 r-xp 00000000 08:03 3188589                    /usr/lib/x86_64-linux-gnu/libstdc++.so.6.0.14
7fb96226c000-7fb96246b000 ---p 000e8000 08:03 3188589                    /usr/lib/x86_64-linux-gnu/libstdc++.so.6.0.14
7fb96246b000-7fb962473000 r--p 000e7000 08:03 3188589                    /usr/lib/x86_64-linux-gnu/libstdc++.so.6.0.14
7fb962473000-7fb962475000 rw-p 000ef000 08:03 3188589                    /usr/lib/x86_64-linux-gnu/libstdc++.so.6.0.14
7fb962475000-7fb96248a000 rw-p 00000000 00:00 0 
7fb96248a000-7fb962ddf000 r-xp 00000000 08:03 3670929                    /usr/lib/jvm/java-6-openjdk/jre/lib/amd64/server/libjvm.so
7fb962ddf000-7fb962fde000 ---p 00955000 08:03 3670929                    /usr/lib/jvm/java-6-openjdk/jre/lib/amd64/server/libjvm.so
7fb962fde000-7fb96305f000 r--p 00954000 08:03 3670929                    /usr/lib/jvm/java-6-openjdk/jre/lib/amd64/server/libjvm.so
7fb96305f000-7fb96307a000 rw-p 009d5000 08:03 3670929                    /usr/lib/jvm/java-6-openjdk/jre/lib/amd64/server/libjvm.so
7fb96307a000-7fb9630a3000 rw-p 00000000 00:00 0 
7fb9630a3000-7fb96322d000 r-xp 00000000 08:03 2007934                    /lib/x86_64-linux-gnu/libc-2.13.so
7fb96322d000-7fb96342c000 ---p 0018a000 08:03 2007934                    /lib/x86_64-linux-gnu/libc-2.13.so
7fb96342c000-7fb963430000 r--p 00189000 08:03 2007934                    /lib/x86_64-linux-gnu/libc-2.13.so
7fb963430000-7fb963431000 rw-p 0018d000 08:03 2007934                    /lib/x86_64-linux-gnu/libc-2.13.so
7fb963431000-7fb963437000 rw-p 00000000 00:00 0 
7fb963437000-7fb963439000 r-xp 00000000 08:03 2007944                    /lib/x86_64-linux-gnu/libdl-2.13.so
7fb963439000-7fb963639000 ---p 00002000 08:03 2007944                    /lib/x86_64-linux-gnu/libdl-2.13.so
7fb963639000-7fb96363a000 r--p 00002000 08:03 2007944                    /lib/x86_64-linux-gnu/libdl-2.13.so
7fb96363a000-7fb96363b000 rw-p 00003000 08:03 2007944                    /lib/x86_64-linux-gnu/libdl-2.13.so
7fb96363b000-7fb96363f000 r-xp 00000000 08:03 3622772                    /usr/lib/jvm/java-6-openjdk/jre/lib/amd64/jli/libjli.so
7fb96363f000-7fb96383e000 ---p 00004000 08:03 3622772                    /usr/lib/jvm/java-6-openjdk/jre/lib/amd64/jli/libjli.so
7fb96383e000-7fb96383f000 r--p 00003000 08:03 3622772                    /usr/lib/jvm/java-6-openjdk/jre/lib/amd64/jli/libjli.so
7fb96383f000-7fb963840000 rw-p 00004000 08:03 3622772                    /usr/lib/jvm/java-6-openjdk/jre/lib/amd64/jli/libjli.so
7fb963840000-7fb963858000 r-xp 00000000 08:03 2007999                    /lib/x86_64-linux-gnu/libpthread-2.13.so
7fb963858000-7fb963a58000 ---p 00018000 08:03 2007999                    /lib/x86_64-linux-gnu/libpthread-2.13.so
7fb963a58000-7fb963a59000 r--p 00018000 08:03 2007999                    /lib/x86_64-linux-gnu/libpthread-2.13.so
7fb963a59000-7fb963a5a000 rw-p 00019000 08:03 2007999                    /lib/x86_64-linux-gnu/libpthread-2.13.so
7fb963a5a000-7fb963a5e000 rw-p 00000000 00:00 0 
7fb963a5e000-7fb963a75000 r-xp 00000000 08:03 2008017                    /lib/x86_64-linux-gnu/libz.so.1.2.3.4
7fb963a75000-7fb963c74000 ---p 00017000 08:03 2008017                    /lib/x86_64-linux-gnu/libz.so.1.2.3.4
7fb963c74000-7fb963c75000 r--p 00016000 08:03 2008017                    /lib/x86_64-linux-gnu/libz.so.1.2.3.4
7fb963c75000-7fb963c76000 rw-p 00017000 08:03 2008017                    /lib/x86_64-linux-gnu/libz.so.1.2.3.4
7fb963c76000-7fb963c97000 r-xp 00000000 08:03 2007921                    /lib/x86_64-linux-gnu/ld-2.13.so
7fb963c97000-7fb963ca6000 r--s 0007c000 00:14 3998552                    /home/catilgan/dev/play-1.2.4/framework/lib/joda-time-2.0.jar
7fb963ca6000-7fb963ca8000 r--s 00012000 00:14 4080014                    /home/catilgan/dev/ktm/trunk/ktm/lib/flexjson-2.2.jar
7fb963ca8000-7fb963cab000 r--s 0007d000 08:03 3589498                    /usr/lib/jvm/java-6-openjdk/jre/lib/jsse.jar
7fb963cab000-7fb963ccf000 rw-p 00000000 00:00 0 
7fb963ccf000-7fb963d6b000 rw-p 00000000 00:00 0 
7fb963d6b000-7fb963d6e000 ---p 00000000 00:00 0 
7fb963d6e000-7fb963e71000 rw-p 00000000 00:00 0 
7fb963e71000-7fb963e72000 r--s 00001000 00:14 4006030                    /home/catilgan/dev/play-1.2.4/modules/testrunner/lib/play-testrunner.jar
7fb963e72000-7fb963e73000 rw-p 00000000 00:00 0 
7fb963e73000-7fb963e7f000 r--s 000c2000 00:14 3998575                    /home/catilgan/dev/play-1.2.4/framework/play-1.2.4.jar
7fb963e7f000-7fb963e87000 r--s 00066000 08:03 3270971                    /usr/share/java/gnome-java-bridge.jar
7fb963e87000-7fb963e8a000 r--s 0000f000 08:03 3614600                    /usr/lib/jvm/java-6-openjdk/jre/lib/ext/pulse-java.jar
7fb963e8a000-7fb963e92000 rw-s 00000000 08:03 7315530                    /tmp/hsperfdata_catilgan/6113
7fb963e92000-7fb963e93000 rw-p 00000000 00:00 0 
7fb963e93000-7fb963e94000 r--p 00000000 00:00 0 
7fb963e94000-7fb963e96000 rw-p 00000000 00:00 0 
7fb963e96000-7fb963e97000 r--p 00020000 08:03 2007921                    /lib/x86_64-linux-gnu/ld-2.13.so
7fb963e97000-7fb963e99000 rw-p 00021000 08:03 2007921                    /lib/x86_64-linux-gnu/ld-2.13.so
7fff80a4c000-7fff80a6e000 rw-p 00000000 00:00 0                          [stack]
7fff80b7b000-7fff80b7c000 r-xp 00000000 00:00 0                          [vdso]
ffffffffff600000-ffffffffff601000 r-xp 00000000 00:00 0                  [vsyscall]

VM Arguments:
jvm_args: -javaagent:/home/catilgan/dev/play-1.2.4/framework/play-1.2.4.jar -XX:-UseSplitVerifier -Dfile.encoding=utf-8 -Xdebug -Xrunjdwp:transport=dt_socket,address=8000,server=y,suspend=n -Dplay.debug=yes -Dapplication.path=/home/catilgan/dev/ktm/trunk/ktm -Dplay.id=test 
java_command: play.server.Server 
Launcher Type: SUN_STANDARD

Environment Variables:
PATH=/home/catilgan/dev/play-1.2.4/:/usr/local/sbin:/usr/local/bin:/usr/sbin:/usr/bin:/sbin:/bin:/usr/games
USERNAME=catilgan
LD_LIBRARY_PATH=/usr/lib/jvm/java-6-openjdk/jre/lib/amd64/server:/usr/lib/jvm/java-6-openjdk/jre/lib/amd64:/usr/lib/jvm/java-6-openjdk/jre/../lib/amd64
SHELL=/bin/bash
DISPLAY=:0.0

Signal Handlers:
SIGSEGV: [libjvm.so+0x7d0fd0], sa_mask[0]=0x7ffbfeff, sa_flags=0x10000004
SIGBUS: [libjvm.so+0x7d0fd0], sa_mask[0]=0x7ffbfeff, sa_flags=0x10000004
SIGFPE: [libjvm.so+0x6837d0], sa_mask[0]=0x7ffbfeff, sa_flags=0x10000004
SIGPIPE: [libjvm.so+0x6837d0], sa_mask[0]=0x7ffbfeff, sa_flags=0x10000004
SIGXFSZ: [libjvm.so+0x6837d0], sa_mask[0]=0x7ffbfeff, sa_flags=0x10000004
SIGILL: [libjvm.so+0x6837d0], sa_mask[0]=0x7ffbfeff, sa_flags=0x10000004
SIGUSR1: SIG_DFL, sa_mask[0]=0x00000000, sa_flags=0x00000000
SIGUSR2: [libjvm.so+0x6839a0], sa_mask[0]=0x00000000, sa_flags=0x10000004
SIGHUP: [libjvm.so+0x686340], sa_mask[0]=0x7ffbfeff, sa_flags=0x10000004
SIGINT: [libjvm.so+0x686340], sa_mask[0]=0x7ffbfeff, sa_flags=0x10000004
SIGTERM: [libjvm.so+0x686340], sa_mask[0]=0x7ffbfeff, sa_flags=0x10000004
SIGQUIT: [libjvm.so+0x686340], sa_mask[0]=0x7ffbfeff, sa_flags=0x10000004


---------------  S Y S T E M  ---------------

OS:LinuxMint 11 (katya)
uname:Linux 2.6.38-8-generic #42-Ubuntu SMP Mon Apr 11 03:31:24 UTC 2011 x86_64
libc:glibc 2.13 NPTL 2.13 
rlimit: STACK 8192k, CORE 0k, NPROC infinity, NOFILE 4096, AS infinity
load average:1.01 1.09 1.13

/proc/meminfo:
MemTotal:        3984196 kB
MemFree:         1100376 kB
Buffers:          152452 kB
Cached:          1124764 kB
SwapCached:            0 kB
Active:          1668516 kB
Inactive:         920096 kB
Active(anon):    1312656 kB
Inactive(anon):    13012 kB
Active(file):     355860 kB
Inactive(file):   907084 kB
Unevictable:           0 kB
Mlocked:               0 kB
SwapTotal:             0 kB
SwapFree:              0 kB
Dirty:               260 kB
Writeback:             0 kB
AnonPages:       1311996 kB
Mapped:           157908 kB
Shmem:             13840 kB
Slab:             113096 kB
SReclaimable:      76788 kB
SUnreclaim:        36308 kB
KernelStack:        3296 kB
PageTables:        27276 kB
NFS_Unstable:          0 kB
Bounce:                0 kB
WritebackTmp:          0 kB
CommitLimit:     1992096 kB
Committed_AS:    2948616 kB
VmallocTotal:   34359738367 kB
VmallocUsed:      344976 kB
VmallocChunk:   34359364604 kB
HardwareCorrupted:     0 kB
HugePages_Total:       0
HugePages_Free:        0
HugePages_Rsvd:        0
HugePages_Surp:        0
Hugepagesize:       2048 kB
DirectMap4k:      118784 kB
DirectMap2M:     4001792 kB


CPU:total 4 (2 cores per cpu, 2 threads per core) family 6 model 37 stepping 2, cmov, cx8, fxsr, mmx, sse, sse2, sse3, ssse3, sse4.1, sse4.2, popcnt, ht

Memory: 4k page, physical 3984196k(1100376k free), swap 0k(0k free)

vm_info: OpenJDK 64-Bit Server VM (20.0-b11) for linux-amd64 JRE (1.6.0_22-b22), built on Jan 20 2012 23:41:49 by "buildd" with gcc 4.5.2

time: Sun Mar 11 12:08:25 2012
elapsed time: 296 seconds

